c:\ucos-ii\debug\ucosii.bsc
c:\ucos-ii\debug\vc120.pdb
c:\ucos-ii\debug\vc120.idb
c:\ucos-ii\debug\ucos_ii.sbr
c:\ucos-ii\debug\os_dbg_r.sbr
c:\ucos-ii\debug\os_trace.sbr
c:\ucos-ii\debug\os_cpu_c.sbr
c:\ucos-ii\debug\main.sbr
c:\ucos-ii\debug\main.obj
c:\ucos-ii\debug\os_cpu_c.obj
c:\ucos-ii\debug\os_trace.obj
c:\ucos-ii\debug\os_dbg_r.obj
c:\ucos-ii\debug\ucos_ii.obj
c:\ucos-ii\debug\ucosii.ilk
c:\ucos-ii\debug\ucosii.exe
c:\ucos-ii\debug\ucosii.pdb
c:\ucos-ii\.\debug\ucosii.exe
c:\ucos-ii\debug\ucosii.tlog\bscmake.command.1.tlog
c:\ucos-ii\debug\ucosii.tlog\bscmake.read.1.tlog
c:\ucos-ii\debug\ucosii.tlog\bscmake.write.1.tlog
c:\ucos-ii\debug\ucosii.tlog\cl.command.1.tlog
c:\ucos-ii\debug\ucosii.tlog\cl.read.1.tlog
c:\ucos-ii\debug\ucosii.tlog\cl.write.1.tlog
c:\ucos-ii\debug\ucosii.tlog\link.command.1.tlog
c:\ucos-ii\debug\ucosii.tlog\link.read.1.tlog
c:\ucos-ii\debug\ucosii.tlog\link.write.1.tlog
